<?xml version="1.0" encoding="UTF-8"?>
<!-- Generated by org.testng.reporters.JUnitReportReporter -->
<testsuite hostname="DESKTOP-JRIMQ69" failures="0" tests="1" name="test.AddContactTest" time="4.196" errors="0" timestamp="2022-03-22T00:05:10 CDT" skipped="0">
  <testcase classname="test.AddContactTest" name="validUSerShouldBeAbleToAddCustomer" time="4.196"/>
  <system-out/>
</testsuite> <!-- test.AddContactTest -->
